[1022/141804:ERROR:process_reader_win.cc(114)] NtOpenThread: {Access Denied} A process has requested access to an object, but has not been granted those access rights.  (0xc0000022)
[1022/141804:ERROR:exception_snapshot_win.cc(87)] thread ID 6044 not found in process
[1022/141804:WARNING:crash_report_exception_handler.cc(56)] ProcessSnapshotWin::Initialize failed
[1022/142204:ERROR:process_reader_win.cc(142)] SuspendThread: Access is denied. (0x5)
[1022/142204:ERROR:process_reader_win.cc(114)] NtOpenThread: {Access Denied} A process has requested access to an object, but has not been granted those access rights.  (0xc0000022)
[1022/142204:ERROR:exception_snapshot_win.cc(87)] thread ID 1764 not found in process
[1022/142204:WARNING:crash_report_exception_handler.cc(56)] ProcessSnapshotWin::Initialize failed
[1022/142429:ERROR:process_reader_win.cc(114)] NtOpenThread: {Access Denied} A process has requested access to an object, but has not been granted those access rights.  (0xc0000022)
[1022/142429:ERROR:exception_snapshot_win.cc(87)] thread ID 5828 not found in process
[1022/142429:WARNING:crash_report_exception_handler.cc(56)] ProcessSnapshotWin::Initialize failed
[1022/142434:ERROR:process_reader_win.cc(114)] NtOpenThread: {Access Denied} A process has requested access to an object, but has not been granted those access rights.  (0xc0000022)
[1022/142434:ERROR:exception_snapshot_win.cc(87)] thread ID 3576 not found in process
[1022/142434:WARNING:crash_report_exception_handler.cc(56)] ProcessSnapshotWin::Initialize failed
[1022/142628:ERROR:process_reader_win.cc(114)] NtOpenThread: {Access Denied} A process has requested access to an object, but has not been granted those access rights.  (0xc0000022)
[1022/142628:ERROR:exception_snapshot_win.cc(87)] thread ID 2736 not found in process
[1022/142628:WARNING:crash_report_exception_handler.cc(56)] ProcessSnapshotWin::Initialize failed
[1022/143004:ERROR:process_reader_win.cc(114)] NtOpenThread: {Access Denied} A process has requested access to an object, but has not been granted those access rights.  (0xc0000022)
[1022/143004:ERROR:exception_snapshot_win.cc(87)] thread ID 6812 not found in process
[1022/143004:WARNING:crash_report_exception_handler.cc(56)] ProcessSnapshotWin::Initialize failed
[1022/143327:ERROR:process_reader_win.cc(114)] NtOpenThread: {Access Denied} A process has requested access to an object, but has not been granted those access rights.  (0xc0000022)
[1022/143327:ERROR:exception_snapshot_win.cc(87)] thread ID 6660 not found in process
[1022/143327:WARNING:crash_report_exception_handler.cc(56)] ProcessSnapshotWin::Initialize failed
[1022/143402:ERROR:process_reader_win.cc(114)] NtOpenThread: {Access Denied} A process has requested access to an object, but has not been granted those access rights.  (0xc0000022)
[1022/143402:ERROR:exception_snapshot_win.cc(87)] thread ID 4980 not found in process
[1022/143402:WARNING:crash_report_exception_handler.cc(56)] ProcessSnapshotWin::Initialize failed
[1022/143405:ERROR:process_reader_win.cc(114)] NtOpenThread: {Access Denied} A process has requested access to an object, but has not been granted those access rights.  (0xc0000022)
[1022/143405:ERROR:exception_snapshot_win.cc(87)] thread ID 6980 not found in process
[1022/143405:WARNING:crash_report_exception_handler.cc(56)] ProcessSnapshotWin::Initialize failed
[1022/144750:ERROR:process_reader_win.cc(114)] NtOpenThread: {Access Denied} A process has requested access to an object, but has not been granted those access rights.  (0xc0000022)
[1022/144750:ERROR:exception_snapshot_win.cc(87)] thread ID 5040 not found in process
[1022/144750:WARNING:crash_report_exception_handler.cc(56)] ProcessSnapshotWin::Initialize failed
[1022/144751:ERROR:process_reader_win.cc(114)] NtOpenThread: {Access Denied} A process has requested access to an object, but has not been granted those access rights.  (0xc0000022)
[1022/144751:ERROR:exception_snapshot_win.cc(87)] thread ID 6520 not found in process
[1022/144751:WARNING:crash_report_exception_handler.cc(56)] ProcessSnapshotWin::Initialize failed
[1022/145239:ERROR:process_reader_win.cc(142)] SuspendThread: Access is denied. (0x5)
[1022/145239:ERROR:process_reader_win.cc(142)] SuspendThread: Access is denied. (0x5)
[1022/145239:ERROR:process_reader_win.cc(142)] SuspendThread: Access is denied. (0x5)
[1022/145239:ERROR:process_reader_win.cc(142)] SuspendThread: Access is denied. (0x5)
[1022/145239:ERROR:process_reader_win.cc(142)] SuspendThread: Access is denied. (0x5)
[1022/145239:ERROR:process_reader_win.cc(142)] SuspendThread: Access is denied. (0x5)
[1022/145239:ERROR:process_reader_win.cc(142)] SuspendThread: Access is denied. (0x5)
[1022/145239:ERROR:process_reader_win.cc(142)] SuspendThread: Access is denied. (0x5)
[1022/145239:ERROR:process_reader_win.cc(142)] SuspendThread: Access is denied. (0x5)
[1022/145239:ERROR:process_reader_win.cc(142)] SuspendThread: Access is denied. (0x5)
[1022/145239:ERROR:process_reader_win.cc(142)] SuspendThread: Access is denied. (0x5)
[1022/145239:ERROR:process_reader_win.cc(142)] SuspendThread: Access is denied. (0x5)
[1022/145239:ERROR:process_reader_win.cc(142)] SuspendThread: Access is denied. (0x5)
[1022/145239:ERROR:process_reader_win.cc(142)] SuspendThread: Access is denied. (0x5)
[1022/145239:ERROR:process_reader_win.cc(142)] SuspendThread: Access is denied. (0x5)
[1022/145239:ERROR:process_reader_win.cc(142)] SuspendThread: Access is denied. (0x5)
[1022/145239:ERROR:process_reader_win.cc(142)] SuspendThread: Access is denied. (0x5)
[1022/145239:ERROR:process_reader_win.cc(142)] SuspendThread: Access is denied. (0x5)
[1022/145239:ERROR:process_reader_win.cc(142)] SuspendThread: Access is denied. (0x5)
[1022/145239:ERROR:process_reader_win.cc(142)] SuspendThread: Access is denied. (0x5)
[1022/145239:ERROR:process_reader_win.cc(142)] SuspendThread: Access is denied. (0x5)
[1022/145239:ERROR:process_reader_win.cc(142)] SuspendThread: Access is denied. (0x5)
[1022/145239:ERROR:process_reader_win.cc(142)] SuspendThread: Access is denied. (0x5)
[1022/145239:ERROR:process_reader_win.cc(142)] SuspendThread: Access is denied. (0x5)
[1022/145239:ERROR:process_reader_win.cc(114)] NtOpenThread: {Access Denied} A process has requested access to an object, but has not been granted those access rights.  (0xc0000022)
[1022/145239:ERROR:exception_snapshot_win.cc(87)] thread ID 5088 not found in process
[1022/145239:WARNING:crash_report_exception_handler.cc(56)] ProcessSnapshotWin::Initialize failed
[1022/145240:ERROR:process_reader_win.cc(142)] SuspendThread: Access is denied. (0x5)
[1022/145240:ERROR:process_reader_win.cc(142)] SuspendThread: Access is denied. (0x5)
[1022/145240:ERROR:process_reader_win.cc(142)] SuspendThread: Access is denied. (0x5)
[1022/145240:ERROR:process_reader_win.cc(142)] SuspendThread: Access is denied. (0x5)
[1022/145240:ERROR:process_reader_win.cc(142)] SuspendThread: Access is denied. (0x5)
[1022/145240:ERROR:process_reader_win.cc(142)] SuspendThread: Access is denied. (0x5)
[1022/145240:ERROR:process_reader_win.cc(142)] SuspendThread: Access is denied. (0x5)
[1022/145240:ERROR:process_reader_win.cc(142)] SuspendThread: Access is denied. (0x5)
[1022/145240:ERROR:process_reader_win.cc(142)] SuspendThread: Access is denied. (0x5)
[1022/145240:ERROR:process_reader_win.cc(142)] SuspendThread: Access is denied. (0x5)
[1022/145240:ERROR:process_reader_win.cc(142)] SuspendThread: Access is denied. (0x5)
[1022/145240:ERROR:process_reader_win.cc(142)] SuspendThread: Access is denied. (0x5)
[1022/145240:ERROR:process_reader_win.cc(142)] SuspendThread: Access is denied. (0x5)
[1022/145240:ERROR:process_reader_win.cc(142)] SuspendThread: Access is denied. (0x5)
[1022/145240:ERROR:process_reader_win.cc(142)] SuspendThread: Access is denied. (0x5)
[1022/145240:ERROR:process_reader_win.cc(142)] SuspendThread: Access is denied. (0x5)
[1022/145240:ERROR:process_reader_win.cc(142)] SuspendThread: Access is denied. (0x5)
[1022/145240:ERROR:process_reader_win.cc(142)] SuspendThread: Access is denied. (0x5)
[1022/145240:ERROR:process_reader_win.cc(142)] SuspendThread: Access is denied. (0x5)
[1022/145240:ERROR:process_reader_win.cc(142)] SuspendThread: Access is denied. (0x5)
[1022/145240:ERROR:process_reader_win.cc(142)] SuspendThread: Access is denied. (0x5)
[1022/145240:ERROR:process_reader_win.cc(142)] SuspendThread: Access is denied. (0x5)
[1022/145240:ERROR:process_reader_win.cc(142)] SuspendThread: Access is denied. (0x5)
[1022/145240:ERROR:process_reader_win.cc(142)] SuspendThread: Access is denied. (0x5)
[1022/145240:ERROR:process_reader_win.cc(114)] NtOpenThread: {Access Denied} A process has requested access to an object, but has not been granted those access rights.  (0xc0000022)
[1022/145240:ERROR:exception_snapshot_win.cc(87)] thread ID 2192 not found in process
[1022/145240:WARNING:crash_report_exception_handler.cc(56)] ProcessSnapshotWin::Initialize failed
[1022/145528:ERROR:process_reader_win.cc(142)] SuspendThread: Access is denied. (0x5)
[1022/145528:ERROR:process_reader_win.cc(142)] SuspendThread: Access is denied. (0x5)
[1022/145528:ERROR:process_reader_win.cc(142)] SuspendThread: Access is denied. (0x5)
[1022/145528:ERROR:process_reader_win.cc(142)] SuspendThread: Access is denied. (0x5)
[1022/145528:ERROR:process_reader_win.cc(142)] SuspendThread: Access is denied. (0x5)
[1022/145528:ERROR:process_reader_win.cc(142)] SuspendThread: Access is denied. (0x5)
[1022/145528:ERROR:process_reader_win.cc(142)] SuspendThread: Access is denied. (0x5)
[1022/145528:ERROR:process_reader_win.cc(142)] SuspendThread: Access is denied. (0x5)
[1022/145528:ERROR:process_reader_win.cc(142)] SuspendThread: Access is denied. (0x5)
[1022/145528:ERROR:process_reader_win.cc(142)] SuspendThread: Access is denied. (0x5)
[1022/145528:ERROR:process_reader_win.cc(142)] SuspendThread: Access is denied. (0x5)
[1022/145528:ERROR:process_reader_win.cc(142)] SuspendThread: Access is denied. (0x5)
[1022/145528:ERROR:process_reader_win.cc(142)] SuspendThread: Access is denied. (0x5)
[1022/145528:ERROR:process_reader_win.cc(142)] SuspendThread: Access is denied. (0x5)
[1022/145528:ERROR:process_reader_win.cc(142)] SuspendThread: Access is denied. (0x5)
[1022/145528:ERROR:process_reader_win.cc(142)] SuspendThread: Access is denied. (0x5)
[1022/145528:ERROR:process_reader_win.cc(142)] SuspendThread: Access is denied. (0x5)
[1022/145528:ERROR:process_reader_win.cc(142)] SuspendThread: Access is denied. (0x5)
[1022/145528:ERROR:process_reader_win.cc(142)] SuspendThread: Access is denied. (0x5)
[1022/145528:ERROR:process_reader_win.cc(142)] SuspendThread: Access is denied. (0x5)
[1022/145528:ERROR:process_reader_win.cc(142)] SuspendThread: Access is denied. (0x5)
[1022/145528:ERROR:process_reader_win.cc(142)] SuspendThread: Access is denied. (0x5)
[1022/145528:ERROR:process_reader_win.cc(142)] SuspendThread: Access is denied. (0x5)
[1022/145528:ERROR:process_reader_win.cc(142)] SuspendThread: Access is denied. (0x5)
[1022/145528:ERROR:process_reader_win.cc(114)] NtOpenThread: {Access Denied} A process has requested access to an object, but has not been granted those access rights.  (0xc0000022)
[1022/145528:ERROR:exception_snapshot_win.cc(87)] thread ID 7160 not found in process
[1022/145528:WARNING:crash_report_exception_handler.cc(56)] ProcessSnapshotWin::Initialize failed
[1022/145530:ERROR:process_reader_win.cc(114)] NtOpenThread: {Access Denied} A process has requested access to an object, but has not been granted those access rights.  (0xc0000022)
[1022/145530:ERROR:exception_snapshot_win.cc(87)] thread ID 84 not found in process
[1022/145530:WARNING:crash_report_exception_handler.cc(56)] ProcessSnapshotWin::Initialize failed
[1022/145531:ERROR:process_reader_win.cc(142)] SuspendThread: Access is denied. (0x5)
[1022/145531:ERROR:process_reader_win.cc(142)] SuspendThread: Access is denied. (0x5)
[1022/145531:ERROR:process_reader_win.cc(142)] SuspendThread: Access is denied. (0x5)
[1022/145531:ERROR:process_reader_win.cc(142)] SuspendThread: Access is denied. (0x5)
[1022/145531:ERROR:process_reader_win.cc(142)] SuspendThread: Access is denied. (0x5)
[1022/145531:ERROR:process_reader_win.cc(142)] SuspendThread: Access is denied. (0x5)
[1022/145531:ERROR:process_reader_win.cc(142)] SuspendThread: Access is denied. (0x5)
[1022/145531:ERROR:process_reader_win.cc(142)] SuspendThread: Access is denied. (0x5)
[1022/145531:ERROR:process_reader_win.cc(142)] SuspendThread: Access is denied. (0x5)
[1022/145531:ERROR:process_reader_win.cc(142)] SuspendThread: Access is denied. (0x5)
[1022/145531:ERROR:process_reader_win.cc(142)] SuspendThread: Access is denied. (0x5)
[1022/145531:ERROR:process_reader_win.cc(142)] SuspendThread: Access is denied. (0x5)
[1022/145531:ERROR:process_reader_win.cc(142)] SuspendThread: Access is denied. (0x5)
[1022/145531:ERROR:process_reader_win.cc(142)] SuspendThread: Access is denied. (0x5)
[1022/145531:ERROR:process_reader_win.cc(142)] SuspendThread: Access is denied. (0x5)
[1022/145531:ERROR:process_reader_win.cc(142)] SuspendThread: Access is denied. (0x5)
[1022/145531:ERROR:process_reader_win.cc(142)] SuspendThread: Access is denied. (0x5)
[1022/145531:ERROR:process_reader_win.cc(142)] SuspendThread: Access is denied. (0x5)
[1022/145531:ERROR:process_reader_win.cc(142)] SuspendThread: Access is denied. (0x5)
[1022/145531:ERROR:process_reader_win.cc(142)] SuspendThread: Access is denied. (0x5)
[1022/145531:ERROR:process_reader_win.cc(142)] SuspendThread: Access is denied. (0x5)
[1022/145531:ERROR:process_reader_win.cc(142)] SuspendThread: Access is denied. (0x5)
[1022/145531:ERROR:process_reader_win.cc(142)] SuspendThread: Access is denied. (0x5)
[1022/145531:ERROR:process_reader_win.cc(142)] SuspendThread: Access is denied. (0x5)
[1022/145531:ERROR:process_reader_win.cc(142)] SuspendThread: Access is denied. (0x5)
[1022/145531:ERROR:process_reader_win.cc(142)] SuspendThread: Access is denied. (0x5)
[1022/145531:ERROR:process_reader_win.cc(114)] NtOpenThread: {Access Denied} A process has requested access to an object, but has not been granted those access rights.  (0xc0000022)
[1022/145531:ERROR:exception_snapshot_win.cc(87)] thread ID 5488 not found in process
[1022/145531:WARNING:crash_report_exception_handler.cc(56)] ProcessSnapshotWin::Initialize failed
[1022/145812:ERROR:process_reader_win.cc(114)] NtOpenThread: {Access Denied} A process has requested access to an object, but has not been granted those access rights.  (0xc0000022)
[1022/145812:ERROR:exception_snapshot_win.cc(87)] thread ID 6020 not found in process
[1022/145812:WARNING:crash_report_exception_handler.cc(56)] ProcessSnapshotWin::Initialize failed
[1022/150153:ERROR:process_reader_win.cc(114)] NtOpenThread: {Access Denied} A process has requested access to an object, but has not been granted those access rights.  (0xc0000022)
[1022/150153:ERROR:exception_snapshot_win.cc(87)] thread ID 4168 not found in process
[1022/150153:WARNING:crash_report_exception_handler.cc(56)] ProcessSnapshotWin::Initialize failed
[1022/150818:ERROR:process_reader_win.cc(142)] SuspendThread: Access is denied. (0x5)
[1022/150818:ERROR:process_reader_win.cc(142)] SuspendThread: Access is denied. (0x5)
[1022/150818:ERROR:process_reader_win.cc(142)] SuspendThread: Access is denied. (0x5)
[1022/150818:ERROR:process_reader_win.cc(142)] SuspendThread: Access is denied. (0x5)
[1022/150818:ERROR:process_reader_win.cc(142)] SuspendThread: Access is denied. (0x5)
[1022/150818:ERROR:process_reader_win.cc(142)] SuspendThread: Access is denied. (0x5)
[1022/150818:ERROR:process_reader_win.cc(142)] SuspendThread: Access is denied. (0x5)
[1022/150818:ERROR:process_reader_win.cc(142)] SuspendThread: Access is denied. (0x5)
[1022/150818:ERROR:process_reader_win.cc(142)] SuspendThread: Access is denied. (0x5)
[1022/150818:ERROR:process_reader_win.cc(142)] SuspendThread: Access is denied. (0x5)
[1022/150818:ERROR:process_reader_win.cc(142)] SuspendThread: Access is denied. (0x5)
[1022/150818:ERROR:process_reader_win.cc(142)] SuspendThread: Access is denied. (0x5)
[1022/150818:ERROR:process_reader_win.cc(142)] SuspendThread: Access is denied. (0x5)
[1022/150818:ERROR:process_reader_win.cc(142)] SuspendThread: Access is denied. (0x5)
[1022/150818:ERROR:process_reader_win.cc(142)] SuspendThread: Access is denied. (0x5)
[1022/150818:ERROR:process_reader_win.cc(142)] SuspendThread: Access is denied. (0x5)
[1022/150818:ERROR:process_reader_win.cc(142)] SuspendThread: Access is denied. (0x5)
[1022/150818:ERROR:process_reader_win.cc(142)] SuspendThread: Access is denied. (0x5)
[1022/150818:ERROR:process_reader_win.cc(142)] SuspendThread: Access is denied. (0x5)
[1022/150818:ERROR:process_reader_win.cc(142)] SuspendThread: Access is denied. (0x5)
[1022/150818:ERROR:process_reader_win.cc(142)] SuspendThread: Access is denied. (0x5)
[1022/150818:ERROR:process_reader_win.cc(142)] SuspendThread: Access is denied. (0x5)
[1022/150818:ERROR:process_reader_win.cc(142)] SuspendThread: Access is denied. (0x5)
[1022/150818:ERROR:process_reader_win.cc(142)] SuspendThread: Access is denied. (0x5)
[1022/150818:ERROR:process_reader_win.cc(142)] SuspendThread: Access is denied. (0x5)
[1022/150818:ERROR:process_reader_win.cc(114)] NtOpenThread: {Access Denied} A process has requested access to an object, but has not been granted those access rights.  (0xc0000022)
[1022/150818:ERROR:exception_snapshot_win.cc(87)] thread ID 6884 not found in process
[1022/150818:WARNING:crash_report_exception_handler.cc(56)] ProcessSnapshotWin::Initialize failed
[1022/152005:ERROR:process_reader_win.cc(114)] NtOpenThread: {Access Denied} A process has requested access to an object, but has not been granted those access rights.  (0xc0000022)
[1022/152005:ERROR:exception_snapshot_win.cc(87)] thread ID 2792 not found in process
[1022/152005:WARNING:crash_report_exception_handler.cc(56)] ProcessSnapshotWin::Initialize failed
[1022/152406:ERROR:process_reader_win.cc(114)] NtOpenThread: {Access Denied} A process has requested access to an object, but has not been granted those access rights.  (0xc0000022)
[1022/152406:ERROR:exception_snapshot_win.cc(87)] thread ID 296 not found in process
[1022/152406:WARNING:crash_report_exception_handler.cc(56)] ProcessSnapshotWin::Initialize failed
[1022/152407:ERROR:process_reader_win.cc(114)] NtOpenThread: {Access Denied} A process has requested access to an object, but has not been granted those access rights.  (0xc0000022)
[1022/152407:ERROR:exception_snapshot_win.cc(87)] thread ID 6320 not found in process
[1022/152407:WARNING:crash_report_exception_handler.cc(56)] ProcessSnapshotWin::Initialize failed
[1022/153643:ERROR:process_reader_win.cc(114)] NtOpenThread: {Access Denied} A process has requested access to an object, but has not been granted those access rights.  (0xc0000022)
[1022/153643:ERROR:exception_snapshot_win.cc(87)] thread ID 5588 not found in process
[1022/153643:WARNING:crash_report_exception_handler.cc(56)] ProcessSnapshotWin::Initialize failed
[1022/154625:ERROR:process_reader_win.cc(114)] NtOpenThread: {Access Denied} A process has requested access to an object, but has not been granted those access rights.  (0xc0000022)
[1022/154625:ERROR:exception_snapshot_win.cc(87)] thread ID 3212 not found in process
[1022/154625:WARNING:crash_report_exception_handler.cc(56)] ProcessSnapshotWin::Initialize failed
[1022/160646:ERROR:process_reader_win.cc(114)] NtOpenThread: {Access Denied} A process has requested access to an object, but has not been granted those access rights.  (0xc0000022)
[1022/160646:ERROR:exception_snapshot_win.cc(87)] thread ID 14048 not found in process
[1022/160646:WARNING:crash_report_exception_handler.cc(56)] ProcessSnapshotWin::Initialize failed
[1022/165847:ERROR:process_reader_win.cc(114)] NtOpenThread: {Access Denied} A process has requested access to an object, but has not been granted those access rights.  (0xc0000022)
[1022/165847:ERROR:exception_snapshot_win.cc(87)] thread ID 6404 not found in process
[1022/165847:WARNING:crash_report_exception_handler.cc(56)] ProcessSnapshotWin::Initialize failed
[1022/170651:ERROR:process_reader_win.cc(142)] SuspendThread: Access is denied. (0x5)
[1022/170651:ERROR:process_reader_win.cc(142)] SuspendThread: Access is denied. (0x5)
[1022/170651:ERROR:process_reader_win.cc(142)] SuspendThread: Access is denied. (0x5)
[1022/170651:ERROR:process_reader_win.cc(142)] SuspendThread: Access is denied. (0x5)
[1022/170651:ERROR:process_reader_win.cc(142)] SuspendThread: Access is denied. (0x5)
[1022/170651:ERROR:process_reader_win.cc(142)] SuspendThread: Access is denied. (0x5)
[1022/170651:ERROR:process_reader_win.cc(142)] SuspendThread: Access is denied. (0x5)
[1022/170651:ERROR:process_reader_win.cc(142)] SuspendThread: Access is denied. (0x5)
[1022/170651:ERROR:process_reader_win.cc(142)] SuspendThread: Access is denied. (0x5)
[1022/170651:ERROR:process_reader_win.cc(142)] SuspendThread: Access is denied. (0x5)
[1022/170651:ERROR:process_reader_win.cc(142)] SuspendThread: Access is denied. (0x5)
[1022/170651:ERROR:process_reader_win.cc(142)] SuspendThread: Access is denied. (0x5)
[1022/170651:ERROR:process_reader_win.cc(142)] SuspendThread: Access is denied. (0x5)
[1022/170651:ERROR:process_reader_win.cc(142)] SuspendThread: Access is denied. (0x5)
[1022/170651:ERROR:process_reader_win.cc(142)] SuspendThread: Access is denied. (0x5)
[1022/170651:ERROR:process_reader_win.cc(142)] SuspendThread: Access is denied. (0x5)
[1022/170651:ERROR:process_reader_win.cc(142)] SuspendThread: Access is denied. (0x5)
[1022/170651:ERROR:process_reader_win.cc(142)] SuspendThread: Access is denied. (0x5)
[1022/170651:ERROR:process_reader_win.cc(142)] SuspendThread: Access is denied. (0x5)
[1022/170651:ERROR:process_reader_win.cc(142)] SuspendThread: Access is denied. (0x5)
[1022/170651:ERROR:process_reader_win.cc(142)] SuspendThread: Access is denied. (0x5)
[1022/170651:ERROR:process_reader_win.cc(142)] SuspendThread: Access is denied. (0x5)
[1022/170651:ERROR:process_reader_win.cc(142)] SuspendThread: Access is denied. (0x5)
[1022/170651:ERROR:process_reader_win.cc(142)] SuspendThread: Access is denied. (0x5)
[1022/170651:ERROR:process_reader_win.cc(142)] SuspendThread: Access is denied. (0x5)
[1022/170651:ERROR:process_reader_win.cc(114)] NtOpenThread: {Access Denied} A process has requested access to an object, but has not been granted those access rights.  (0xc0000022)
[1022/170651:ERROR:exception_snapshot_win.cc(87)] thread ID 7940 not found in process
[1022/170651:WARNING:crash_report_exception_handler.cc(56)] ProcessSnapshotWin::Initialize failed
[1022/170652:ERROR:process_reader_win.cc(142)] SuspendThread: Access is denied. (0x5)
[1022/170652:ERROR:process_reader_win.cc(142)] SuspendThread: Access is denied. (0x5)
[1022/170652:ERROR:process_reader_win.cc(142)] SuspendThread: Access is denied. (0x5)
[1022/170652:ERROR:process_reader_win.cc(142)] SuspendThread: Access is denied. (0x5)
[1022/170652:ERROR:process_reader_win.cc(142)] SuspendThread: Access is denied. (0x5)
[1022/170652:ERROR:process_reader_win.cc(142)] SuspendThread: Access is denied. (0x5)
[1022/170652:ERROR:process_reader_win.cc(142)] SuspendThread: Access is denied. (0x5)
[1022/170652:ERROR:process_reader_win.cc(142)] SuspendThread: Access is denied. (0x5)
[1022/170652:ERROR:process_reader_win.cc(142)] SuspendThread: Access is denied. (0x5)
[1022/170652:ERROR:process_reader_win.cc(142)] SuspendThread: Access is denied. (0x5)
[1022/170652:ERROR:process_reader_win.cc(142)] SuspendThread: Access is denied. (0x5)
[1022/170652:ERROR:process_reader_win.cc(142)] SuspendThread: Access is denied. (0x5)
[1022/170652:ERROR:process_reader_win.cc(142)] SuspendThread: Access is denied. (0x5)
[1022/170652:ERROR:process_reader_win.cc(142)] SuspendThread: Access is denied. (0x5)
[1022/170652:ERROR:process_reader_win.cc(142)] SuspendThread: Access is denied. (0x5)
[1022/170652:ERROR:process_reader_win.cc(142)] SuspendThread: Access is denied. (0x5)
[1022/170652:ERROR:process_reader_win.cc(142)] SuspendThread: Access is denied. (0x5)
[1022/170652:ERROR:process_reader_win.cc(142)] SuspendThread: Access is denied. (0x5)
[1022/170652:ERROR:process_reader_win.cc(142)] SuspendThread: Access is denied. (0x5)
[1022/170652:ERROR:process_reader_win.cc(142)] SuspendThread: Access is denied. (0x5)
[1022/170652:ERROR:process_reader_win.cc(142)] SuspendThread: Access is denied. (0x5)
[1022/170652:ERROR:process_reader_win.cc(142)] SuspendThread: Access is denied. (0x5)
[1022/170652:ERROR:process_reader_win.cc(142)] SuspendThread: Access is denied. (0x5)
[1022/170652:ERROR:process_reader_win.cc(142)] SuspendThread: Access is denied. (0x5)
[1022/170652:ERROR:process_reader_win.cc(142)] SuspendThread: Access is denied. (0x5)
[1022/170652:ERROR:process_reader_win.cc(142)] SuspendThread: Access is denied. (0x5)
[1022/170652:ERROR:process_reader_win.cc(114)] NtOpenThread: {Access Denied} A process has requested access to an object, but has not been granted those access rights.  (0xc0000022)
[1022/170652:ERROR:exception_snapshot_win.cc(87)] thread ID 7976 not found in process
[1022/170652:WARNING:crash_report_exception_handler.cc(56)] ProcessSnapshotWin::Initialize failed
[1022/172601:ERROR:process_reader_win.cc(142)] SuspendThread: Access is denied. (0x5)
[1022/172601:ERROR:process_reader_win.cc(142)] SuspendThread: Access is denied. (0x5)
[1022/172601:ERROR:process_reader_win.cc(142)] SuspendThread: Access is denied. (0x5)
[1022/172601:ERROR:process_reader_win.cc(142)] SuspendThread: Access is denied. (0x5)
[1022/172601:ERROR:process_reader_win.cc(142)] SuspendThread: Access is denied. (0x5)
[1022/172601:ERROR:process_reader_win.cc(142)] SuspendThread: Access is denied. (0x5)
[1022/172601:ERROR:process_reader_win.cc(142)] SuspendThread: Access is denied. (0x5)
[1022/172601:ERROR:process_reader_win.cc(142)] SuspendThread: Access is denied. (0x5)
[1022/172601:ERROR:process_reader_win.cc(142)] SuspendThread: Access is denied. (0x5)
[1022/172601:ERROR:process_reader_win.cc(142)] SuspendThread: Access is denied. (0x5)
[1022/172601:ERROR:process_reader_win.cc(142)] SuspendThread: Access is denied. (0x5)
[1022/172601:ERROR:process_reader_win.cc(142)] SuspendThread: Access is denied. (0x5)
[1022/172601:ERROR:process_reader_win.cc(142)] SuspendThread: Access is denied. (0x5)
[1022/172601:ERROR:process_reader_win.cc(142)] SuspendThread: Access is denied. (0x5)
[1022/172601:ERROR:process_reader_win.cc(142)] SuspendThread: Access is denied. (0x5)
[1022/172601:ERROR:process_reader_win.cc(142)] SuspendThread: Access is denied. (0x5)
[1022/172601:ERROR:process_reader_win.cc(142)] SuspendThread: Access is denied. (0x5)
[1022/172601:ERROR:process_reader_win.cc(142)] SuspendThread: Access is denied. (0x5)
[1022/172601:ERROR:process_reader_win.cc(142)] SuspendThread: Access is denied. (0x5)
[1022/172601:ERROR:process_reader_win.cc(142)] SuspendThread: Access is denied. (0x5)
[1022/172601:ERROR:process_reader_win.cc(142)] SuspendThread: Access is denied. (0x5)
[1022/172601:ERROR:process_reader_win.cc(142)] SuspendThread: Access is denied. (0x5)
[1022/172601:ERROR:process_reader_win.cc(142)] SuspendThread: Access is denied. (0x5)
[1022/172601:ERROR:process_reader_win.cc(142)] SuspendThread: Access is denied. (0x5)
[1022/172601:ERROR:process_reader_win.cc(142)] SuspendThread: Access is denied. (0x5)
[1022/172601:ERROR:process_reader_win.cc(114)] NtOpenThread: {Access Denied} A process has requested access to an object, but has not been granted those access rights.  (0xc0000022)
[1022/172601:ERROR:exception_snapshot_win.cc(87)] thread ID 7796 not found in process
[1022/172601:WARNING:crash_report_exception_handler.cc(56)] ProcessSnapshotWin::Initialize failed
[1022/172602:ERROR:process_reader_win.cc(142)] SuspendThread: Access is denied. (0x5)
[1022/172602:ERROR:process_reader_win.cc(142)] SuspendThread: Access is denied. (0x5)
[1022/172602:ERROR:process_reader_win.cc(142)] SuspendThread: Access is denied. (0x5)
[1022/172602:ERROR:process_reader_win.cc(142)] SuspendThread: Access is denied. (0x5)
[1022/172602:ERROR:process_reader_win.cc(142)] SuspendThread: Access is denied. (0x5)
[1022/172602:ERROR:process_reader_win.cc(142)] SuspendThread: Access is denied. (0x5)
[1022/172602:ERROR:process_reader_win.cc(142)] SuspendThread: Access is denied. (0x5)
[1022/172602:ERROR:process_reader_win.cc(142)] SuspendThread: Access is denied. (0x5)
[1022/172602:ERROR:process_reader_win.cc(142)] SuspendThread: Access is denied. (0x5)
[1022/172602:ERROR:process_reader_win.cc(142)] SuspendThread: Access is denied. (0x5)
[1022/172602:ERROR:process_reader_win.cc(142)] SuspendThread: Access is denied. (0x5)
[1022/172602:ERROR:process_reader_win.cc(142)] SuspendThread: Access is denied. (0x5)
[1022/172602:ERROR:process_reader_win.cc(142)] SuspendThread: Access is denied. (0x5)
[1022/172602:ERROR:process_reader_win.cc(142)] SuspendThread: Access is denied. (0x5)
[1022/172602:ERROR:process_reader_win.cc(142)] SuspendThread: Access is denied. (0x5)
[1022/172602:ERROR:process_reader_win.cc(142)] SuspendThread: Access is denied. (0x5)
[1022/172602:ERROR:process_reader_win.cc(142)] SuspendThread: Access is denied. (0x5)
[1022/172602:ERROR:process_reader_win.cc(142)] SuspendThread: Access is denied. (0x5)
[1022/172602:ERROR:process_reader_win.cc(142)] SuspendThread: Access is denied. (0x5)
[1022/172602:ERROR:process_reader_win.cc(142)] SuspendThread: Access is denied. (0x5)
[1022/172602:ERROR:process_reader_win.cc(142)] SuspendThread: Access is denied. (0x5)
[1022/172602:ERROR:process_reader_win.cc(142)] SuspendThread: Access is denied. (0x5)
[1022/172602:ERROR:process_reader_win.cc(142)] SuspendThread: Access is denied. (0x5)
[1022/172602:ERROR:process_reader_win.cc(142)] SuspendThread: Access is denied. (0x5)
[1022/172602:ERROR:process_reader_win.cc(142)] SuspendThread: Access is denied. (0x5)
[1022/172602:ERROR:process_reader_win.cc(142)] SuspendThread: Access is denied. (0x5)
[1022/172602:ERROR:process_reader_win.cc(142)] SuspendThread: Access is denied. (0x5)
[1022/172602:ERROR:process_reader_win.cc(142)] SuspendThread: Access is denied. (0x5)
[1022/172602:ERROR:process_reader_win.cc(142)] SuspendThread: Access is denied. (0x5)
[1022/172602:ERROR:process_reader_win.cc(142)] SuspendThread: Access is denied. (0x5)
[1022/172602:ERROR:process_reader_win.cc(142)] SuspendThread: Access is denied. (0x5)
[1022/172602:ERROR:process_reader_win.cc(142)] SuspendThread: Access is denied. (0x5)
[1022/172602:ERROR:process_reader_win.cc(114)] NtOpenThread: {Access Denied} A process has requested access to an object, but has not been granted those access rights.  (0xc0000022)
[1022/172602:ERROR:exception_snapshot_win.cc(87)] thread ID 6812 not found in process
[1022/172602:WARNING:crash_report_exception_handler.cc(56)] ProcessSnapshotWin::Initialize failed
[1022/172604:ERROR:process_reader_win.cc(142)] SuspendThread: Access is denied. (0x5)
[1022/172604:ERROR:process_reader_win.cc(142)] SuspendThread: Access is denied. (0x5)
[1022/172604:ERROR:process_reader_win.cc(142)] SuspendThread: Access is denied. (0x5)
[1022/172604:ERROR:process_reader_win.cc(142)] SuspendThread: Access is denied. (0x5)
[1022/172604:ERROR:process_reader_win.cc(142)] SuspendThread: Access is denied. (0x5)
[1022/172604:ERROR:process_reader_win.cc(142)] SuspendThread: Access is denied. (0x5)
[1022/172604:ERROR:process_reader_win.cc(142)] SuspendThread: Access is denied. (0x5)
[1022/172604:ERROR:process_reader_win.cc(142)] SuspendThread: Access is denied. (0x5)
[1022/172604:ERROR:process_reader_win.cc(142)] SuspendThread: Access is denied. (0x5)
[1022/172604:ERROR:process_reader_win.cc(142)] SuspendThread: Access is denied. (0x5)
[1022/172604:ERROR:process_reader_win.cc(142)] SuspendThread: Access is denied. (0x5)
[1022/172604:ERROR:process_reader_win.cc(142)] SuspendThread: Access is denied. (0x5)
[1022/172604:ERROR:process_reader_win.cc(142)] SuspendThread: Access is denied. (0x5)
[1022/172604:ERROR:process_reader_win.cc(142)] SuspendThread: Access is denied. (0x5)
[1022/172604:ERROR:process_reader_win.cc(142)] SuspendThread: Access is denied. (0x5)
[1022/172604:ERROR:process_reader_win.cc(142)] SuspendThread: Access is denied. (0x5)
[1022/172604:ERROR:process_reader_win.cc(142)] SuspendThread: Access is denied. (0x5)
[1022/172604:ERROR:process_reader_win.cc(142)] SuspendThread: Access is denied. (0x5)
[1022/172604:ERROR:process_reader_win.cc(142)] SuspendThread: Access is denied. (0x5)
[1022/172604:ERROR:process_reader_win.cc(142)] SuspendThread: Access is denied. (0x5)
[1022/172604:ERROR:process_reader_win.cc(142)] SuspendThread: Access is denied. (0x5)
[1022/172604:ERROR:process_reader_win.cc(142)] SuspendThread: Access is denied. (0x5)
[1022/172604:ERROR:process_reader_win.cc(142)] SuspendThread: Access is denied. (0x5)
[1022/172604:ERROR:process_reader_win.cc(142)] SuspendThread: Access is denied. (0x5)
[1022/172604:ERROR:process_reader_win.cc(142)] SuspendThread: Access is denied. (0x5)
[1022/172604:ERROR:process_reader_win.cc(142)] SuspendThread: Access is denied. (0x5)
[1022/172604:ERROR:process_reader_win.cc(142)] SuspendThread: Access is denied. (0x5)
[1022/172604:ERROR:process_reader_win.cc(142)] SuspendThread: Access is denied. (0x5)
[1022/172604:ERROR:process_reader_win.cc(142)] SuspendThread: Access is denied. (0x5)
[1022/172604:ERROR:process_reader_win.cc(142)] SuspendThread: Access is denied. (0x5)
[1022/172604:ERROR:process_reader_win.cc(142)] SuspendThread: Access is denied. (0x5)
[1022/172604:ERROR:process_reader_win.cc(142)] SuspendThread: Access is denied. (0x5)
[1022/172604:ERROR:process_reader_win.cc(114)] NtOpenThread: {Access Denied} A process has requested access to an object, but has not been granted those access rights.  (0xc0000022)
[1022/172604:ERROR:exception_snapshot_win.cc(87)] thread ID 672 not found in process
[1022/172604:WARNING:crash_report_exception_handler.cc(56)] ProcessSnapshotWin::Initialize failed
[1022/172605:ERROR:process_reader_win.cc(142)] SuspendThread: Access is denied. (0x5)
[1022/172605:ERROR:process_reader_win.cc(142)] SuspendThread: Access is denied. (0x5)
[1022/172605:ERROR:process_reader_win.cc(142)] SuspendThread: Access is denied. (0x5)
[1022/172605:ERROR:process_reader_win.cc(142)] SuspendThread: Access is denied. (0x5)
[1022/172605:ERROR:process_reader_win.cc(142)] SuspendThread: Access is denied. (0x5)
[1022/172605:ERROR:process_reader_win.cc(142)] SuspendThread: Access is denied. (0x5)
[1022/172605:ERROR:process_reader_win.cc(142)] SuspendThread: Access is denied. (0x5)
[1022/172605:ERROR:process_reader_win.cc(142)] SuspendThread: Access is denied. (0x5)
[1022/172605:ERROR:process_reader_win.cc(142)] SuspendThread: Access is denied. (0x5)
[1022/172605:ERROR:process_reader_win.cc(142)] SuspendThread: Access is denied. (0x5)
[1022/172605:ERROR:process_reader_win.cc(142)] SuspendThread: Access is denied. (0x5)
[1022/172605:ERROR:process_reader_win.cc(142)] SuspendThread: Access is denied. (0x5)
[1022/172605:ERROR:process_reader_win.cc(142)] SuspendThread: Access is denied. (0x5)
[1022/172605:ERROR:process_reader_win.cc(142)] SuspendThread: Access is denied. (0x5)
[1022/172605:ERROR:process_reader_win.cc(142)] SuspendThread: Access is denied. (0x5)
[1022/172605:ERROR:process_reader_win.cc(142)] SuspendThread: Access is denied. (0x5)
[1022/172605:ERROR:process_reader_win.cc(142)] SuspendThread: Access is denied. (0x5)
[1022/172605:ERROR:process_reader_win.cc(142)] SuspendThread: Access is denied. (0x5)
[1022/172605:ERROR:process_reader_win.cc(142)] SuspendThread: Access is denied. (0x5)
[1022/172605:ERROR:process_reader_win.cc(142)] SuspendThread: Access is denied. (0x5)
[1022/172605:ERROR:process_reader_win.cc(142)] SuspendThread: Access is denied. (0x5)
[1022/172605:ERROR:process_reader_win.cc(142)] SuspendThread: Access is denied. (0x5)
[1022/172605:ERROR:process_reader_win.cc(142)] SuspendThread: Access is denied. (0x5)
[1022/172605:ERROR:process_reader_win.cc(142)] SuspendThread: Access is denied. (0x5)
[1022/172605:ERROR:process_reader_win.cc(142)] SuspendThread: Access is denied. (0x5)
[1022/172605:ERROR:process_reader_win.cc(142)] SuspendThread: Access is denied. (0x5)
[1022/172605:ERROR:process_reader_win.cc(142)] SuspendThread: Access is denied. (0x5)
[1022/172605:ERROR:process_reader_win.cc(142)] SuspendThread: Access is denied. (0x5)
[1022/172605:ERROR:process_reader_win.cc(114)] NtOpenThread: {Access Denied} A process has requested access to an object, but has not been granted those access rights.  (0xc0000022)
[1022/172605:ERROR:exception_snapshot_win.cc(87)] thread ID 7300 not found in process
[1022/172605:WARNING:crash_report_exception_handler.cc(56)] ProcessSnapshotWin::Initialize failed
[1022/173330:ERROR:process_reader_win.cc(114)] NtOpenThread: {Access Denied} A process has requested access to an object, but has not been granted those access rights.  (0xc0000022)
[1022/173330:ERROR:exception_snapshot_win.cc(87)] thread ID 3420 not found in process
[1022/173330:WARNING:crash_report_exception_handler.cc(56)] ProcessSnapshotWin::Initialize failed
[1022/173455:ERROR:process_reader_win.cc(114)] NtOpenThread: {Access Denied} A process has requested access to an object, but has not been granted those access rights.  (0xc0000022)
[1022/173455:ERROR:exception_snapshot_win.cc(87)] thread ID 8144 not found in process
[1022/173455:WARNING:crash_report_exception_handler.cc(56)] ProcessSnapshotWin::Initialize failed
[1022/173534:ERROR:process_reader_win.cc(114)] NtOpenThread: {Access Denied} A process has requested access to an object, but has not been granted those access rights.  (0xc0000022)
[1022/173534:ERROR:exception_snapshot_win.cc(87)] thread ID 6404 not found in process
[1022/173534:WARNING:crash_report_exception_handler.cc(56)] ProcessSnapshotWin::Initialize failed
[1022/184327:ERROR:process_reader_win.cc(114)] NtOpenThread: {Access Denied} A process has requested access to an object, but has not been granted those access rights.  (0xc0000022)
[1022/184327:ERROR:exception_snapshot_win.cc(87)] thread ID 6492 not found in process
[1022/184327:WARNING:crash_report_exception_handler.cc(56)] ProcessSnapshotWin::Initialize failed
[1022/190127:ERROR:process_reader_win.cc(114)] NtOpenThread: {Access Denied} A process has requested access to an object, but has not been granted those access rights.  (0xc0000022)
[1022/190127:ERROR:exception_snapshot_win.cc(87)] thread ID 2884 not found in process
[1022/190127:WARNING:crash_report_exception_handler.cc(56)] ProcessSnapshotWin::Initialize failed
[1022/190440:ERROR:process_reader_win.cc(114)] NtOpenThread: {Access Denied} A process has requested access to an object, but has not been granted those access rights.  (0xc0000022)
[1022/190440:ERROR:exception_snapshot_win.cc(87)] thread ID 5076 not found in process
[1022/190440:WARNING:crash_report_exception_handler.cc(56)] ProcessSnapshotWin::Initialize failed
[1022/190749:ERROR:process_reader_win.cc(142)] SuspendThread: Access is denied. (0x5)
[1022/190749:ERROR:process_reader_win.cc(142)] SuspendThread: Access is denied. (0x5)
[1022/190749:ERROR:process_reader_win.cc(142)] SuspendThread: Access is denied. (0x5)
[1022/190749:ERROR:process_reader_win.cc(142)] SuspendThread: Access is denied. (0x5)
[1022/190749:ERROR:process_reader_win.cc(142)] SuspendThread: Access is denied. (0x5)
[1022/190749:ERROR:process_reader_win.cc(142)] SuspendThread: Access is denied. (0x5)
[1022/190749:ERROR:process_reader_win.cc(142)] SuspendThread: Access is denied. (0x5)
[1022/190749:ERROR:process_reader_win.cc(142)] SuspendThread: Access is denied. (0x5)
[1022/190749:ERROR:process_reader_win.cc(142)] SuspendThread: Access is denied. (0x5)
[1022/190749:ERROR:process_reader_win.cc(142)] SuspendThread: Access is denied. (0x5)
[1022/190749:ERROR:process_reader_win.cc(142)] SuspendThread: Access is denied. (0x5)
[1022/190749:ERROR:process_reader_win.cc(142)] SuspendThread: Access is denied. (0x5)
[1022/190749:ERROR:process_reader_win.cc(142)] SuspendThread: Access is denied. (0x5)
[1022/190749:ERROR:process_reader_win.cc(142)] SuspendThread: Access is denied. (0x5)
[1022/190749:ERROR:process_reader_win.cc(142)] SuspendThread: Access is denied. (0x5)
[1022/190749:ERROR:process_reader_win.cc(142)] SuspendThread: Access is denied. (0x5)
[1022/190749:ERROR:process_reader_win.cc(142)] SuspendThread: Access is denied. (0x5)
[1022/190749:ERROR:process_reader_win.cc(142)] SuspendThread: Access is denied. (0x5)
[1022/190749:ERROR:process_reader_win.cc(142)] SuspendThread: Access is denied. (0x5)
[1022/190749:ERROR:process_reader_win.cc(142)] SuspendThread: Access is denied. (0x5)
[1022/190749:ERROR:process_reader_win.cc(142)] SuspendThread: Access is denied. (0x5)
[1022/190749:ERROR:process_reader_win.cc(142)] SuspendThread: Access is denied. (0x5)
[1022/190749:ERROR:process_reader_win.cc(142)] SuspendThread: Access is denied. (0x5)
[1022/190749:ERROR:process_reader_win.cc(142)] SuspendThread: Access is denied. (0x5)
[1022/190749:ERROR:process_reader_win.cc(142)] SuspendThread: Access is denied. (0x5)
[1022/190749:ERROR:process_reader_win.cc(142)] SuspendThread: Access is denied. (0x5)
[1022/190749:ERROR:process_reader_win.cc(114)] NtOpenThread: {Access Denied} A process has requested access to an object, but has not been granted those access rights.  (0xc0000022)
[1022/190749:ERROR:exception_snapshot_win.cc(87)] thread ID 460 not found in process
[1022/190749:WARNING:crash_report_exception_handler.cc(56)] ProcessSnapshotWin::Initialize failed
[1022/190749:ERROR:process_reader_win.cc(142)] SuspendThread: Access is denied. (0x5)
[1022/190749:ERROR:process_reader_win.cc(142)] SuspendThread: Access is denied. (0x5)
[1022/190749:ERROR:process_reader_win.cc(142)] SuspendThread: Access is denied. (0x5)
[1022/190749:ERROR:process_reader_win.cc(142)] SuspendThread: Access is denied. (0x5)
[1022/190749:ERROR:process_reader_win.cc(142)] SuspendThread: Access is denied. (0x5)
[1022/190749:ERROR:process_reader_win.cc(142)] SuspendThread: Access is denied. (0x5)
[1022/190749:ERROR:process_reader_win.cc(142)] SuspendThread: Access is denied. (0x5)
[1022/190749:ERROR:process_reader_win.cc(142)] SuspendThread: Access is denied. (0x5)
[1022/190749:ERROR:process_reader_win.cc(142)] SuspendThread: Access is denied. (0x5)
[1022/190749:ERROR:process_reader_win.cc(142)] SuspendThread: Access is denied. (0x5)
[1022/190749:ERROR:process_reader_win.cc(142)] SuspendThread: Access is denied. (0x5)
[1022/190749:ERROR:process_reader_win.cc(142)] SuspendThread: Access is denied. (0x5)
[1022/190749:ERROR:process_reader_win.cc(142)] SuspendThread: Access is denied. (0x5)
[1022/190749:ERROR:process_reader_win.cc(142)] SuspendThread: Access is denied. (0x5)
[1022/190749:ERROR:process_reader_win.cc(142)] SuspendThread: Access is denied. (0x5)
[1022/190749:ERROR:process_reader_win.cc(142)] SuspendThread: Access is denied. (0x5)
[1022/190749:ERROR:process_reader_win.cc(142)] SuspendThread: Access is denied. (0x5)
[1022/190749:ERROR:process_reader_win.cc(142)] SuspendThread: Access is denied. (0x5)
[1022/190749:ERROR:process_reader_win.cc(142)] SuspendThread: Access is denied. (0x5)
[1022/190749:ERROR:process_reader_win.cc(142)] SuspendThread: Access is denied. (0x5)
[1022/190749:ERROR:process_reader_win.cc(142)] SuspendThread: Access is denied. (0x5)
[1022/190749:ERROR:process_reader_win.cc(142)] SuspendThread: Access is denied. (0x5)
[1022/190749:ERROR:process_reader_win.cc(142)] SuspendThread: Access is denied. (0x5)
[1022/190749:ERROR:process_reader_win.cc(142)] SuspendThread: Access is denied. (0x5)
[1022/190749:ERROR:process_reader_win.cc(114)] NtOpenThread: {Access Denied} A process has requested access to an object, but has not been granted those access rights.  (0xc0000022)
[1022/190749:ERROR:exception_snapshot_win.cc(87)] thread ID 4292 not found in process
[1022/190749:WARNING:crash_report_exception_handler.cc(56)] ProcessSnapshotWin::Initialize failed
[1022/190749:ERROR:process_reader_win.cc(142)] SuspendThread: Access is denied. (0x5)
[1022/190749:ERROR:process_reader_win.cc(142)] SuspendThread: Access is denied. (0x5)
[1022/190749:ERROR:process_reader_win.cc(142)] SuspendThread: Access is denied. (0x5)
[1022/190749:ERROR:process_reader_win.cc(142)] SuspendThread: Access is denied. (0x5)
[1022/190749:ERROR:process_reader_win.cc(142)] SuspendThread: Access is denied. (0x5)
[1022/190749:ERROR:process_reader_win.cc(142)] SuspendThread: Access is denied. (0x5)
[1022/190749:ERROR:process_reader_win.cc(142)] SuspendThread: Access is denied. (0x5)
[1022/190749:ERROR:process_reader_win.cc(142)] SuspendThread: Access is denied. (0x5)
[1022/190749:ERROR:process_reader_win.cc(142)] SuspendThread: Access is denied. (0x5)
[1022/190749:ERROR:process_reader_win.cc(142)] SuspendThread: Access is denied. (0x5)
[1022/190749:ERROR:process_reader_win.cc(142)] SuspendThread: Access is denied. (0x5)
[1022/190749:ERROR:process_reader_win.cc(142)] SuspendThread: Access is denied. (0x5)
[1022/190749:ERROR:process_reader_win.cc(142)] SuspendThread: Access is denied. (0x5)
[1022/190749:ERROR:process_reader_win.cc(142)] SuspendThread: Access is denied. (0x5)
[1022/190749:ERROR:process_reader_win.cc(142)] SuspendThread: Access is denied. (0x5)
[1022/190749:ERROR:process_reader_win.cc(142)] SuspendThread: Access is denied. (0x5)
[1022/190749:ERROR:process_reader_win.cc(142)] SuspendThread: Access is denied. (0x5)
[1022/190749:ERROR:process_reader_win.cc(142)] SuspendThread: Access is denied. (0x5)
[1022/190749:ERROR:process_reader_win.cc(142)] SuspendThread: Access is denied. (0x5)
[1022/190749:ERROR:process_reader_win.cc(142)] SuspendThread: Access is denied. (0x5)
[1022/190749:ERROR:process_reader_win.cc(142)] SuspendThread: Access is denied. (0x5)
[1022/190749:ERROR:process_reader_win.cc(142)] SuspendThread: Access is denied. (0x5)
[1022/190749:ERROR:process_reader_win.cc(142)] SuspendThread: Access is denied. (0x5)
[1022/190749:ERROR:process_reader_win.cc(142)] SuspendThread: Access is denied. (0x5)
[1022/190749:ERROR:process_reader_win.cc(142)] SuspendThread: Access is denied. (0x5)
[1022/190749:ERROR:process_reader_win.cc(114)] NtOpenThread: {Access Denied} A process has requested access to an object, but has not been granted those access rights.  (0xc0000022)
[1022/190749:ERROR:exception_snapshot_win.cc(87)] thread ID 3108 not found in process
[1022/190749:WARNING:crash_report_exception_handler.cc(56)] ProcessSnapshotWin::Initialize failed
[1022/191134:ERROR:process_reader_win.cc(114)] NtOpenThread: {Access Denied} A process has requested access to an object, but has not been granted those access rights.  (0xc0000022)
[1022/191134:ERROR:exception_snapshot_win.cc(87)] thread ID 1404 not found in process
[1022/191134:WARNING:crash_report_exception_handler.cc(56)] ProcessSnapshotWin::Initialize failed
[1022/191331:ERROR:process_reader_win.cc(114)] NtOpenThread: {Access Denied} A process has requested access to an object, but has not been granted those access rights.  (0xc0000022)
[1022/191331:ERROR:exception_snapshot_win.cc(87)] thread ID 1540 not found in process
[1022/191331:WARNING:crash_report_exception_handler.cc(56)] ProcessSnapshotWin::Initialize failed
[1022/191602:ERROR:process_reader_win.cc(114)] NtOpenThread: {Access Denied} A process has requested access to an object, but has not been granted those access rights.  (0xc0000022)
[1022/191602:ERROR:exception_snapshot_win.cc(87)] thread ID 4004 not found in process
[1022/191602:WARNING:crash_report_exception_handler.cc(56)] ProcessSnapshotWin::Initialize failed
[1022/193141:ERROR:process_reader_win.cc(114)] NtOpenThread: {Access Denied} A process has requested access to an object, but has not been granted those access rights.  (0xc0000022)
[1022/193141:ERROR:exception_snapshot_win.cc(87)] thread ID 2420 not found in process
[1022/193141:WARNING:crash_report_exception_handler.cc(56)] ProcessSnapshotWin::Initialize failed
[1022/193141:ERROR:process_reader_win.cc(114)] NtOpenThread: {Access Denied} A process has requested access to an object, but has not been granted those access rights.  (0xc0000022)
[1022/193141:ERROR:exception_snapshot_win.cc(87)] thread ID 4128 not found in process
[1022/193141:WARNING:crash_report_exception_handler.cc(56)] ProcessSnapshotWin::Initialize failed
